<?xml version="1.0" encoding="UTF-8"?>
<testsuite xmlns:xsi="http://www.w3.org/2001/XMLSchema-instance" xsi:noNamespaceSchemaLocation="https://maven.apache.org/surefire/maven-surefire-plugin/xsd/surefire-test-report-3.0.xsd" version="3.0" name="com.lethanhbinh.apigateway.ApiGatewayApplicationTests" time="2.05" tests="1" errors="0" skipped="0" failures="0">
  <properties>
[...]
</properties>
  <testcase name="contextLoads" classname="com.lethanhbinh.apigateway.ApiGatewayApplicationTests" time="0.392">
    <system-out><![CDATA[08:28:51.380 [main] INFO org.springframework.test.context.support.AnnotationConfigContextLoaderUtils -- Could not detect default configuration classes for test class [com.lethanhbinh.apigateway.ApiGatewayApplicationTests]: ApiGatewayApplicationTests does not declare any static, non-private, non-final, nested classes annotated with @Configuration.
08:28:51.437 [main] INFO org.springframework.boot.test.context.SpringBootTestContextBootstrapper -- Found @SpringBootConfiguration com.lethanhbinh.apigateway.ApiGatewayApplication for test class com.lethanhbinh.apigateway.ApiGatewayApplicationTests

  .   ____          _            __ _ _
 /\\ / ___'_ __ _ _(_)_ __  __ _ \ \ \ \
( ( )\___ | '_ | '_| | '_ \/ _` | \ \ \ \
 \\/  ___)| |_)| | | | | || (_| |  ) ) ) )
  '  |____| .__|_| |_|_| |_\__, | / / / /
 =========|_|==============|___/=/_/_/_/

 :: Spring Boot ::                (v3.3.4)

2024-09-30T08:28:51.681+07:00  INFO 34940 --- [gateway-service] [           main] c.l.a.ApiGatewayApplicationTests         : Starting ApiGatewayApplicationTests using Java 23 with PID 34940 (started by BINH in D:\Project Microservices\apigateway)
2024-09-30T08:28:51.682+07:00  INFO 34940 --- [gateway-service] [           main] c.l.a.ApiGatewayApplicationTests         : No active profile set, falling back to 1 default profile: "default"
2024-09-30T08:28:52.108+07:00  INFO 34940 --- [gateway-service] [           main] o.s.cloud.context.scope.GenericScope     : BeanFactory id=2d873c58-39c0-3bf3-9c2a-4e8ce211821f
2024-09-30T08:28:52.150+07:00  WARN 34940 --- [gateway-service] [           main] trationDelegate$BeanPostProcessorChecker : Bean 'org.springframework.cloud.client.loadbalancer.LoadBalancerAutoConfiguration$DeferringLoadBalancerInterceptorConfig' of type [org.springframework.cloud.client.loadbalancer.LoadBalancerAutoConfiguration$DeferringLoadBalancerInterceptorConfig] is not eligible for getting processed by all BeanPostProcessors (for example: not eligible for auto-proxying). The currently created BeanPostProcessor [lbRestClientPostProcessor] is declared through a non-static factory method on that class; consider declaring it as static instead.
2024-09-30T08:28:52.151+07:00  WARN 34940 --- [gateway-service] [           main] trationDelegate$BeanPostProcessorChecker : Bean 'deferringLoadBalancerInterceptor' of type [org.springframework.cloud.client.loadbalancer.DeferringLoadBalancerInterceptor] is not eligible for getting processed by all BeanPostProcessors (for example: not eligible for auto-proxying). Is this bean getting eagerly injected into a currently created BeanPostProcessor [lbRestClientPostProcessor]? Check the corresponding BeanPostProcessor declaration and its dependencies.
2024-09-30T08:28:52.698+07:00  INFO 34940 --- [gateway-service] [           main] DiscoveryClientOptionalArgsConfiguration : Eureka HTTP Client uses RestTemplate.
2024-09-30T08:28:52.783+07:00  WARN 34940 --- [gateway-service] [           main] iguration$LoadBalancerCaffeineWarnLogger : Spring Cloud LoadBalancer is currently working with the default cache. While this cache implementation is useful for development and tests, it's recommended to use Caffeine cache in production.You can switch to using Caffeine cache, by adding it and org.springframework.cache.caffeine.CaffeineCacheManager to the classpath.
2024-09-30T08:28:52.796+07:00  INFO 34940 --- [gateway-service] [           main] o.s.c.n.eureka.InstanceInfoFactory       : Setting initial instance status as: STARTING
2024-09-30T08:28:52.810+07:00  INFO 34940 --- [gateway-service] [           main] com.netflix.discovery.DiscoveryClient    : Initializing Eureka in region us-east-1
2024-09-30T08:28:52.813+07:00  INFO 34940 --- [gateway-service] [           main] c.n.d.s.r.aws.ConfigClusterResolver      : Resolving eureka endpoints via configuration
2024-09-30T08:28:52.820+07:00  INFO 34940 --- [gateway-service] [           main] com.netflix.discovery.DiscoveryClient    : Disable delta property : false
2024-09-30T08:28:52.820+07:00  INFO 34940 --- [gateway-service] [           main] com.netflix.discovery.DiscoveryClient    : Single vip registry refresh property : null
2024-09-30T08:28:52.820+07:00  INFO 34940 --- [gateway-service] [           main] com.netflix.discovery.DiscoveryClient    : Force full registry fetch : false
2024-09-30T08:28:52.820+07:00  INFO 34940 --- [gateway-service] [           main] com.netflix.discovery.DiscoveryClient    : Application is null : false
2024-09-30T08:28:52.820+07:00  INFO 34940 --- [gateway-service] [           main] com.netflix.discovery.DiscoveryClient    : Registered Applications size is zero : true
2024-09-30T08:28:52.820+07:00  INFO 34940 --- [gateway-service] [           main] com.netflix.discovery.DiscoveryClient    : Application version is -1: true
2024-09-30T08:28:52.820+07:00  INFO 34940 --- [gateway-service] [           main] com.netflix.discovery.DiscoveryClient    : Getting all instance registry info from the eureka server
2024-09-30T08:28:52.930+07:00  INFO 34940 --- [gateway-service] [           main] com.netflix.discovery.DiscoveryClient    : The response status is 200
2024-09-30T08:28:52.931+07:00  INFO 34940 --- [gateway-service] [           main] com.netflix.discovery.DiscoveryClient    : Starting heartbeat executor: renew interval is: 30
2024-09-30T08:28:52.932+07:00  INFO 34940 --- [gateway-service] [           main] c.n.discovery.InstanceInfoReplicator     : InstanceInfoReplicator onDemand update allowed rate per min is 4
2024-09-30T08:28:52.934+07:00  INFO 34940 --- [gateway-service] [           main] com.netflix.discovery.DiscoveryClient    : Discovery Client initialized at timestamp 1727659732932 with initial instances count: 3
2024-09-30T08:28:52.935+07:00  INFO 34940 --- [gateway-service] [           main] o.s.c.n.e.s.EurekaServiceRegistry        : Registering application GATEWAY-SERVICE with eureka with status UP
2024-09-30T08:28:52.935+07:00  INFO 34940 --- [gateway-service] [           main] com.netflix.discovery.DiscoveryClient    : Saw local status change event StatusChangeEvent [timestamp=1727659732935, current=UP, previous=STARTING]
2024-09-30T08:28:52.937+07:00  INFO 34940 --- [gateway-service] [foReplicator-%d] com.netflix.discovery.DiscoveryClient    : DiscoveryClient_GATEWAY-SERVICE/DESKTOP-818K758:gateway-service:9000: registering service...
2024-09-30T08:28:52.942+07:00  INFO 34940 --- [gateway-service] [           main] c.l.a.ApiGatewayApplicationTests         : Started ApiGatewayApplicationTests in 1.441 seconds (process running for 1.936)
2024-09-30T08:28:52.960+07:00  INFO 34940 --- [gateway-service] [foReplicator-%d] com.netflix.discovery.DiscoveryClient    : DiscoveryClient_GATEWAY-SERVICE/DESKTOP-818K758:gateway-service:9000 - registration status: 204
]]></system-out>
    <system-err><![CDATA[WARNING: A Java agent has been loaded dynamically (C:\Users\BINH\.m2\repository\net\bytebuddy\byte-buddy-agent\1.14.19\byte-buddy-agent-1.14.19.jar)
WARNING: If a serviceability tool is in use, please run with -XX:+EnableDynamicAgentLoading to hide this warning
WARNING: If a serviceability tool is not in use, please run with -Djdk.instrument.traceUsage for more information
WARNING: Dynamic loading of agents will be disallowed by default in a future release
]]></system-err>
  </testcase>
</testsuite>